<?xml version="1.0" encoding="UTF-8"?>
<testsuite xmlns:xsi="http://www.w3.org/2001/XMLSchema-instance" xsi:noNamespaceSchemaLocation="https://maven.apache.org/surefire/maven-surefire-plugin/xsd/surefire-test-report-3.0.xsd" version="3.0" name="zemberek.morphology.ambiguity.AmbiguityResolutionTests" time="1.299" tests="2" errors="0" skipped="0" failures="0">
  <properties>
[...]
</properties>
  <testcase name="issue157ShouldNotThrowNPE" classname="zemberek.morphology.ambiguity.AmbiguityResolutionTests" time="0.164">
    <system-out><![CDATA[Yıldız = [yıldız:Noun] yıldız:Noun+A3sg
Kızlar = [kız:Noun] kız:Noun+lar:A3pl
Dünya = [dünya:Noun] dünya:Noun+A3sg
Şampiyonası = [şampiyona:Noun] şampiyona:Noun+A3sg+sı:P3sg
FIVB'nin = [FIVB:Noun,Abbrv] fıvb:Noun+A3sg+nin:Gen
düzenlediği = [düzenlemek:Verb] düzenle:Verb|diğ:PastPart→Noun+A3sg+i:P3sg
ve = [ve:Conj] ve:Conj
18 = [18:Num,Card] 18:Num
yaşının = [yaş:Noun] yaş:Noun+A3sg+ı:P3sg+nın:Gen
altındaki = [alt:Noun] alt:Noun+A3sg+ı:P3sg+nda:Loc|ki:Rel→Adj
voleybolcuların = [voleybol:Noun] voleybol:Noun+A3sg|cu:Agt→Noun+lar:A3pl+ın:P2sg
katılabildiği = [katılmak:Verb] katıl:Verb|abil:Able→Verb|diğ:PastPart→Adj+i:P3sg
bir = [bir:Det] bir:Det
şampiyonadır = [şampiyon:Noun] şampiyon:Noun+A3sg+a:Dat|Zero→Verb+Pres+A3sg+dır:Cop
. = [.:Punc] .:Punc
]]></system-out>
    <system-err><![CDATA[I|18:33:32.623|Dictionary generated in 89 ms                                                                       | RootLexicon#defaultBinaryLexicon
I|18:33:32.687|Initialized in 152 ms.                                                                              | TurkishMorphology#createWithDefaults
]]></system-err>
  </testcase>
  <testcase name="shouldNotThrowException" classname="zemberek.morphology.ambiguity.AmbiguityResolutionTests" time="1.135">
    <system-err><![CDATA[I|18:33:32.756|Initialized in 42 ms.                                                                               | TurkishMorphology#createWithDefaults
]]></system-err>
  </testcase>
</testsuite>