<?xml version="1.0" encoding="UTF-8"?>
<testsuite xmlns:xsi="http://www.w3.org/2001/XMLSchema-instance" xsi:noNamespaceSchemaLocation="https://maven.apache.org/surefire/maven-surefire-plugin/xsd/surefire-test-report-3.0.xsd" version="3.0" name="zemberek.tokenization.TurkishTokenizerTest" time="0.045" tests="31" errors="0" skipped="2" failures="0">
  <properties>
[...]
</properties>
  <testcase name="performance" classname="zemberek.tokenization.TurkishTokenizerTest" time="0.0">
    <skipped message="Not an actual test. Requires external data."/>
  </testcase>
  <testcase name="testUrl" classname="zemberek.tokenization.TurkishTokenizerTest" time="0.032"/>
  <testcase name="testTokenizeDoubleQuote" classname="zemberek.tokenization.TurkishTokenizerTest" time="0.001"/>
  <testcase name="testEmail" classname="zemberek.tokenization.TurkishTokenizerTest" time="0.001"/>
  <testcase name="testWords" classname="zemberek.tokenization.TurkishTokenizerTest" time="0.0"/>
  <testcase name="testTags" classname="zemberek.tokenization.TurkishTokenizerTest" time="0.0"/>
  <testcase name="testUrl2" classname="zemberek.tokenization.TurkishTokenizerTest" time="0.001"/>
  <testcase name="testEmoticonToken" classname="zemberek.tokenization.TurkishTokenizerTest" time="0.0"/>
  <testcase name="testApostrophes" classname="zemberek.tokenization.TurkishTokenizerTest" time="0.001"/>
  <testcase name="hashTagTest" classname="zemberek.tokenization.TurkishTokenizerTest" time="0.0"/>
  <testcase name="testUnknownWord1" classname="zemberek.tokenization.TurkishTokenizerTest" time="0.0"/>
  <testcase name="testUnknownWord2" classname="zemberek.tokenization.TurkishTokenizerTest" time="0.0"/>
  <testcase name="testUnderscoreWords" classname="zemberek.tokenization.TurkishTokenizerTest" time="0.001"/>
  <testcase name="testDotInMiddle" classname="zemberek.tokenization.TurkishTokenizerTest" time="0.0"/>
  <testcase name="testAbbreviations2" classname="zemberek.tokenization.TurkishTokenizerTest" time="0.0"/>
  <testcase name="mentionTest" classname="zemberek.tokenization.TurkishTokenizerTest" time="0.0"/>
  <testcase name="testTokenizeSentence" classname="zemberek.tokenization.TurkishTokenizerTest" time="0.001"/>
  <testcase name="testDateToken" classname="zemberek.tokenization.TurkishTokenizerTest" time="0.0"/>
  <testcase name="testTimeToken" classname="zemberek.tokenization.TurkishTokenizerTest" time="0.001"/>
  <testcase name="testInstances" classname="zemberek.tokenization.TurkishTokenizerTest" time="0.0"/>
  <testcase name="testCapitalWords" classname="zemberek.tokenization.TurkishTokenizerTest" time="0.0"/>
  <testcase name="testAlphaNumerical" classname="zemberek.tokenization.TurkishTokenizerTest" time="0.001"/>
  <testcase name="testEllipsis" classname="zemberek.tokenization.TurkishTokenizerTest" time="0.0"/>
  <testcase name="testUnknownWord" classname="zemberek.tokenization.TurkishTokenizerTest" time="0.0">
    <skipped/>
  </testcase>
  <testcase name="testTimeTokenSeconds" classname="zemberek.tokenization.TurkishTokenizerTest" time="0.0"/>
  <testcase name="testPunctuation" classname="zemberek.tokenization.TurkishTokenizerTest" time="0.001"/>
  <testcase name="testAbbreviations" classname="zemberek.tokenization.TurkishTokenizerTest" time="0.0"/>
  <testcase name="testNewline" classname="zemberek.tokenization.TurkishTokenizerTest" time="0.0"/>
  <testcase name="testNumbers" classname="zemberek.tokenization.TurkishTokenizerTest" time="0.0"/>
  <testcase name="testCapitalLettersAfterQuotesIssue64" classname="zemberek.tokenization.TurkishTokenizerTest" time="0.0"/>
  <testcase name="testTokenBoundaries" classname="zemberek.tokenization.TurkishTokenizerTest" time="0.0"/>
</testsuite>