<?xml version="1.0" encoding="UTF-8"?>
<testsuite xmlns:xsi="http://www.w3.org/2001/XMLSchema-instance" xsi:noNamespaceSchemaLocation="https://maven.apache.org/surefire/maven-surefire-plugin/xsd/surefire-test-report-3.0.xsd" version="3.0" name="zemberek.tokenization.SpanTest" time="0.024" tests="6" errors="0" skipped="0" failures="0">
  <properties>
[...]
</properties>
  <testcase name="badInitialization1" classname="zemberek.tokenization.SpanTest" time="0.005"/>
  <testcase name="badInitialization2" classname="zemberek.tokenization.SpanTest" time="0.001"/>
  <testcase name="badInitialization3" classname="zemberek.tokenization.SpanTest" time="0.0"/>
  <testcase name="lengthTest" classname="zemberek.tokenization.SpanTest" time="0.0"/>
  <testcase name="substringTest" classname="zemberek.tokenization.SpanTest" time="0.0"/>
  <testcase name="shouldNotThrowException" classname="zemberek.tokenization.SpanTest" time="0.0"/>
</testsuite>