<?xml version="1.0" encoding="UTF-8"?>
<testsuite xmlns:xsi="http://www.w3.org/2001/XMLSchema-instance" xsi:noNamespaceSchemaLocation="https://maven.apache.org/surefire/maven-surefire-plugin/xsd/surefire-test-report-3.0.xsd" version="3.0" name="zemberek.apps.lm.CompressLmTest" time="0.108" tests="1" errors="0" skipped="0" failures="0">
  <properties>
[...]
</properties>
  <testcase name="testConversion" classname="zemberek.apps.lm.CompressLmTest" time="0.086">
    <system-err><![CDATA[I|18:33:38.013|Arpa file to convert:/var/folders/4r/gp52d3ws10gc954pglwkzkpwl1yrm9/T/tiny14486375727950610732.arpa | CompressLm#run
I|18:33:38.014|Using temporary directory: /var/folders/4r/gp52d3ws10gc954pglwkzkpwl1yrm9/T/1730050418014-0         | CompressLm#run
I|18:33:38.020|Generating multi file uncompressed language model from Arpa file in directory: /var/folders/4r/gp52d3ws10gc954pglwkzkpwl1yrm9/T/1730050418014-0| MultiFileUncompressedLm$ArpaToBinaryConverter#<init>
I|18:33:38.022|Gram counts in Arpa file: 14 33 44                                                                  | MultiFileUncompressedLm$ArpaToBinaryConverter#processLine
I|18:33:38.022|Writing unigrams.                                                                                   | MultiFileUncompressedLm$ArpaToBinaryConverter#processLine
I|18:33:38.024|Writing 2-grams.                                                                                    | MultiFileUncompressedLm$ArpaToBinaryConverter#processLine
I|18:33:38.024|Writing 3-grams.                                                                                    | MultiFileUncompressedLm$ArpaToBinaryConverter#processLine
I|18:33:38.025|Writing model vocabulary.                                                                           | MultiFileUncompressedLm$ArpaToBinaryConverter#processLine
I|18:33:38.026|Multi file uncompressed binary model is generated in 0.005 seconds                                  | MultiFileUncompressedLm#generate
I|18:33:38.026|Generating compressed language model.                                                               | UncompressedToSmoothLmConverter#convert
I|18:33:38.026|Calculating probabilty lookup values for :1 Grams                                                   | MultiFileUncompressedLm#generateRankFiles
I|18:33:38.027|Unique value count:9                                                                                | BinaryFloatFileReader$LookupCalculator#getQuantizer
I|18:33:38.028|Quantizing to 16 bits                                                                               | BinaryFloatFileReader$LookupCalculator#getQuantizer
I|18:33:38.029|Writing Rank file for 1 grams                                                                       | MultiFileUncompressedLm#generateRankFile
I|18:33:38.029|Writing lookups for 1 grams. Size= 9                                                                | MultiFileUncompressedLm#generateRankFile
I|18:33:38.029|Calculating lookup values for 1 Grams                                                               | MultiFileUncompressedLm#generateRankFiles
I|18:33:38.030|Unique value count:11                                                                               | BinaryFloatFileReader$LookupCalculator#getQuantizer
I|18:33:38.031|Quantizing to 16 bits                                                                               | BinaryFloatFileReader$LookupCalculator#getQuantizer
I|18:33:38.031|Writing Rank file for 1 grams                                                                       | MultiFileUncompressedLm#generateRankFile
I|18:33:38.031|Writing lookups for 1 grams. Size= 11                                                               | MultiFileUncompressedLm#generateRankFile
I|18:33:38.031|Calculating probabilty lookup values for :2 Grams                                                   | MultiFileUncompressedLm#generateRankFiles
I|18:33:38.031|Unique value count:17                                                                               | BinaryFloatFileReader$LookupCalculator#getQuantizer
I|18:33:38.032|Quantizing to 16 bits                                                                               | BinaryFloatFileReader$LookupCalculator#getQuantizer
I|18:33:38.032|Writing Rank file for 2 grams                                                                       | MultiFileUncompressedLm#generateRankFile
I|18:33:38.032|Writing lookups for 2 grams. Size= 17                                                               | MultiFileUncompressedLm#generateRankFile
I|18:33:38.032|Calculating lookup values for 2 Grams                                                               | MultiFileUncompressedLm#generateRankFiles
I|18:33:38.034|Unique value count:7                                                                                | BinaryFloatFileReader$LookupCalculator#getQuantizer
I|18:33:38.034|Quantizing to 16 bits                                                                               | BinaryFloatFileReader$LookupCalculator#getQuantizer
I|18:33:38.034|Writing Rank file for 2 grams                                                                       | MultiFileUncompressedLm#generateRankFile
I|18:33:38.034|Writing lookups for 2 grams. Size= 7                                                                | MultiFileUncompressedLm#generateRankFile
I|18:33:38.035|Calculating probabilty lookup values for :3 Grams                                                   | MultiFileUncompressedLm#generateRankFiles
I|18:33:38.035|Unique value count:11                                                                               | BinaryFloatFileReader$LookupCalculator#getQuantizer
I|18:33:38.035|Quantizing to 16 bits                                                                               | BinaryFloatFileReader$LookupCalculator#getQuantizer
I|18:33:38.035|Writing Rank file for 3 grams                                                                       | MultiFileUncompressedLm#generateRankFile
I|18:33:38.035|Writing lookups for 3 grams. Size= 11                                                               | MultiFileUncompressedLm#generateRankFile
I|18:33:38.036|Gram count: 33                                                                                      | LargeNgramMphf#generate
I|18:33:38.036|Segment count: 1                                                                                    | LargeNgramMphf#generate
I|18:33:38.036|Average segment size: 64                                                                            | LargeNgramMphf#generate
I|18:33:38.036|Segmenting File...                                                                                  | LargeNgramMphf#generate
I|18:33:38.037|MPHF is generated for segment 0 with 33 keys. Average bits per key: 8.727                           | LargeNgramMphf#generate
I|18:33:38.038|MPHF is generated for order 2 with 33 keys. Average bits per key: 8.727                             | UncompressedToSmoothLmConverter#convert
I|18:33:38.038|Gram count: 44                                                                                      | LargeNgramMphf#generate
I|18:33:38.038|Segment count: 1                                                                                    | LargeNgramMphf#generate
I|18:33:38.038|Average segment size: 64                                                                            | LargeNgramMphf#generate
I|18:33:38.038|Segmenting File...                                                                                  | LargeNgramMphf#generate
I|18:33:38.039|MPHF is generated for segment 0 with 44 keys. Average bits per key: 11.636                          | LargeNgramMphf#generate
I|18:33:38.039|MPHF is generated for order 3 with 44 keys. Average bits per key: 11.636                            | UncompressedToSmoothLmConverter#convert
I|18:33:38.039|Writing header                                                                                      | UncompressedToSmoothLmConverter#convert
I|18:33:38.039|Reordering probability data and saving it together with n-gram fingerprints                         | UncompressedToSmoothLmConverter#convert
I|18:33:38.040|Validating reordered index array for order: 1                                                       | UncompressedToSmoothLmConverter#convert
I|18:33:38.041|Validating reordered index array for order: 2                                                       | UncompressedToSmoothLmConverter#convert
I|18:33:38.042|Validating reordered index array for order: 3                                                       | UncompressedToSmoothLmConverter#convert
I|18:33:38.042|Saving MPHF values.                                                                                 | UncompressedToSmoothLmConverter#convert
I|18:33:38.042|Saving vocabulary.                                                                                  | UncompressedToSmoothLmConverter#convert
]]></system-err>
  </testcase>
</testsuite>